<?xml version="1.0" encoding="UTF-8"?>
<testng-results skipped="0" failed="0" ignored="0" total="1" passed="1">
  <reporter-output>
  </reporter-output>
  <suite name="Default suite" duration-ms="10682" started-at="2023-03-09T15:26:37 EST" finished-at="2023-03-09T15:26:48 EST">
    <groups>
    </groups>
    <test name="Default test" duration-ms="10682" started-at="2023-03-09T15:26:37 EST" finished-at="2023-03-09T15:26:48 EST">
      <class name="tests.TestNG_Test">
        <test-method status="PASS" signature="test3()[pri:0, instance:tests.TestNG_Test@60285225]" name="test3" duration-ms="10622" started-at="2023-03-09T15:26:37 EST" finished-at="2023-03-09T15:26:48 EST">
          <reporter-output>
          </reporter-output>
        </test-method> <!-- test3 -->
      </class> <!-- tests.TestNG_Test -->
    </test> <!-- Default test -->
  </suite> <!-- Default suite -->
</testng-results>
